2024-09-23 07:39:58,879	[INFO]	(client.py:162)_bot_login	[botpy] 登录机器人账号中...
2024-09-23 07:39:59,246	[INFO]	(robot.py:65)update_access_token	[botpy] access_token expires_in 5286
2024-09-23 07:39:59,661	[ERROR]	(http.py:76)_handle_response	[botpy] 接口请求异常，请求连接: https://api.sgroup.qq.com/users/@me, 错误代码: 401, 返回内容: {'message': '接口访问源IP不在白名单', 'code': 11298, 'err_code': 40023002, 'trace_id': '74c54c90ede200e9aeb585f190299cf2'}, trace_id:74c54c90ede200e9aeb585f190299cf2
2024-09-23 07:41:55,942	[INFO]	(client.py:162)_bot_login	[botpy] 登录机器人账号中...
2024-09-23 07:41:56,166	[INFO]	(robot.py:65)update_access_token	[botpy] access_token expires_in 5169
2024-09-23 07:41:56,797	[INFO]	(client.py:181)_bot_init	[botpy] 程序启动...
2024-09-23 07:41:56,797	[INFO]	(connection.py:60)multi_run	[botpy] 最大并发连接数: 1, 启动会话数: 1
2024-09-23 07:41:56,798	[INFO]	(client.py:242)bot_connect	[botpy] 会话启动中...
2024-09-23 07:41:56,798	[INFO]	(gateway.py:115)ws_connect	[botpy] 启动中...
2024-09-23 07:41:56,984	[INFO]	(gateway.py:142)ws_identify	[botpy] 鉴权中...
2024-09-23 07:41:57,095	[INFO]	(gateway.py:85)on_message	[botpy] 机器人「HappleCraftBot-测试中」启动成功！
2024-09-23 07:41:57,095	[INFO]	(gateway.py:223)_send_heart	[botpy] 心跳维持启动...
2024-09-23 08:11:56,842	[INFO]	(gateway.py:56)on_closed	[botpy] 关闭, 返回码: 4009, 返回信息: Session timed out
2024-09-23 08:11:56,842	[INFO]	(gateway.py:134)ws_connect	[botpy] ws关闭, 停止接收消息!
2024-09-23 08:12:01,847	[INFO]	(connection.py:60)multi_run	[botpy] 最大并发连接数: 1, 启动会话数: 1
2024-09-23 08:12:01,847	[INFO]	(client.py:242)bot_connect	[botpy] 会话启动中...
2024-09-23 08:12:01,847	[INFO]	(gateway.py:115)ws_connect	[botpy] 启动中...
2024-09-23 08:12:02,564	[INFO]	(gateway.py:175)ws_resume	[botpy] 重连启动...
2024-09-23 08:12:02,658	[INFO]	(gateway.py:90)on_message	[botpy] 机器人重连成功! 
2024-09-23 08:12:02,659	[INFO]	(gateway.py:223)_send_heart	[botpy] 心跳维持启动...
2024-09-23 08:38:18,704	[INFO]	(client.py:162)_bot_login	[botpy] 登录机器人账号中...
2024-09-23 08:38:19,032	[INFO]	(robot.py:65)update_access_token	[botpy] access_token expires_in 1786
2024-09-23 08:38:19,709	[INFO]	(client.py:181)_bot_init	[botpy] 程序启动...
2024-09-23 08:38:19,709	[INFO]	(connection.py:60)multi_run	[botpy] 最大并发连接数: 1, 启动会话数: 1
2024-09-23 08:38:19,709	[INFO]	(client.py:242)bot_connect	[botpy] 会话启动中...
2024-09-23 08:38:19,710	[INFO]	(gateway.py:115)ws_connect	[botpy] 启动中...
2024-09-23 08:38:19,888	[INFO]	(gateway.py:142)ws_identify	[botpy] 鉴权中...
2024-09-23 08:38:20,013	[INFO]	(gateway.py:85)on_message	[botpy] 机器人「HappleCraftBot-测试中」启动成功！
2024-09-23 08:38:20,013	[INFO]	(gateway.py:223)_send_heart	[botpy] 心跳维持启动...
2024-09-23 10:15:45,481	[INFO]	(client.py:162)_bot_login	[botpy] 登录机器人账号中...
2024-09-23 10:15:45,859	[INFO]	(robot.py:65)update_access_token	[botpy] access_token expires_in 7200
2024-09-23 10:15:46,875	[INFO]	(client.py:181)_bot_init	[botpy] 程序启动...
2024-09-23 10:15:46,875	[INFO]	(connection.py:60)multi_run	[botpy] 最大并发连接数: 1, 启动会话数: 1
2024-09-23 10:15:46,876	[INFO]	(client.py:242)bot_connect	[botpy] 会话启动中...
2024-09-23 10:15:46,876	[INFO]	(gateway.py:115)ws_connect	[botpy] 启动中...
2024-09-23 10:15:47,061	[INFO]	(gateway.py:142)ws_identify	[botpy] 鉴权中...
2024-09-23 10:15:47,165	[INFO]	(gateway.py:85)on_message	[botpy] 机器人「HappleCraftBot-测试中」启动成功！
2024-09-23 10:15:47,165	[INFO]	(gateway.py:223)_send_heart	[botpy] 心跳维持启动...
2024-09-23 10:17:27,522	[INFO]	(client.py:162)_bot_login	[botpy] 登录机器人账号中...
2024-09-23 10:17:27,694	[INFO]	(robot.py:65)update_access_token	[botpy] access_token expires_in 7098
2024-09-23 10:17:28,343	[INFO]	(client.py:181)_bot_init	[botpy] 程序启动...
2024-09-23 10:17:28,343	[INFO]	(connection.py:60)multi_run	[botpy] 最大并发连接数: 1, 启动会话数: 1
2024-09-23 10:17:28,343	[INFO]	(client.py:242)bot_connect	[botpy] 会话启动中...
2024-09-23 10:17:28,344	[INFO]	(gateway.py:115)ws_connect	[botpy] 启动中...
2024-09-23 10:17:28,519	[INFO]	(gateway.py:142)ws_identify	[botpy] 鉴权中...
2024-09-23 10:17:28,619	[INFO]	(gateway.py:85)on_message	[botpy] 机器人「HappleCraftBot-测试中」启动成功！
2024-09-23 10:17:28,620	[INFO]	(gateway.py:223)_send_heart	[botpy] 心跳维持启动...
2024-09-23 10:20:15,712	[INFO]	(client.py:162)_bot_login	[botpy] 登录机器人账号中...
2024-09-23 10:20:15,928	[INFO]	(robot.py:65)update_access_token	[botpy] access_token expires_in 6930
2024-09-23 10:20:16,494	[INFO]	(client.py:181)_bot_init	[botpy] 程序启动...
2024-09-23 10:20:16,494	[INFO]	(connection.py:60)multi_run	[botpy] 最大并发连接数: 1, 启动会话数: 1
2024-09-23 10:20:16,494	[INFO]	(client.py:242)bot_connect	[botpy] 会话启动中...
2024-09-23 10:20:16,495	[INFO]	(gateway.py:115)ws_connect	[botpy] 启动中...
2024-09-23 10:20:16,682	[INFO]	(gateway.py:142)ws_identify	[botpy] 鉴权中...
2024-09-23 10:20:16,783	[INFO]	(gateway.py:85)on_message	[botpy] 机器人「HappleCraftBot-测试中」启动成功！
2024-09-23 10:20:16,784	[INFO]	(gateway.py:223)_send_heart	[botpy] 心跳维持启动...
2024-09-23 10:22:27,342	[INFO]	(client.py:162)_bot_login	[botpy] 登录机器人账号中...
2024-09-23 10:22:27,649	[INFO]	(robot.py:65)update_access_token	[botpy] access_token expires_in 6798
2024-09-23 10:22:28,349	[INFO]	(client.py:181)_bot_init	[botpy] 程序启动...
2024-09-23 10:22:28,350	[INFO]	(connection.py:60)multi_run	[botpy] 最大并发连接数: 1, 启动会话数: 1
2024-09-23 10:22:28,350	[INFO]	(client.py:242)bot_connect	[botpy] 会话启动中...
2024-09-23 10:22:28,350	[INFO]	(gateway.py:115)ws_connect	[botpy] 启动中...
2024-09-23 10:22:28,528	[INFO]	(gateway.py:142)ws_identify	[botpy] 鉴权中...
2024-09-23 10:22:28,617	[INFO]	(gateway.py:85)on_message	[botpy] 机器人「HappleCraftBot-测试中」启动成功！
2024-09-23 10:22:28,617	[INFO]	(gateway.py:223)_send_heart	[botpy] 心跳维持启动...
2024-09-23 10:24:13,191	[INFO]	(client.py:162)_bot_login	[botpy] 登录机器人账号中...
2024-09-23 10:24:13,434	[INFO]	(robot.py:65)update_access_token	[botpy] access_token expires_in 6692
2024-09-23 10:24:14,020	[INFO]	(client.py:181)_bot_init	[botpy] 程序启动...
2024-09-23 10:24:14,020	[INFO]	(connection.py:60)multi_run	[botpy] 最大并发连接数: 1, 启动会话数: 1
2024-09-23 10:24:14,020	[INFO]	(client.py:242)bot_connect	[botpy] 会话启动中...
2024-09-23 10:24:14,020	[INFO]	(gateway.py:115)ws_connect	[botpy] 启动中...
2024-09-23 10:24:14,186	[INFO]	(gateway.py:142)ws_identify	[botpy] 鉴权中...
2024-09-23 10:24:14,298	[INFO]	(gateway.py:85)on_message	[botpy] 机器人「HappleCraftBot-测试中」启动成功！
2024-09-23 10:24:14,298	[INFO]	(gateway.py:223)_send_heart	[botpy] 心跳维持启动...
2024-09-23 10:31:59,310	[INFO]	(client.py:162)_bot_login	[botpy] 登录机器人账号中...
2024-09-23 10:31:59,692	[INFO]	(robot.py:65)update_access_token	[botpy] access_token expires_in 6226
2024-09-23 10:32:00,424	[INFO]	(client.py:181)_bot_init	[botpy] 程序启动...
2024-09-23 10:32:00,424	[INFO]	(connection.py:60)multi_run	[botpy] 最大并发连接数: 1, 启动会话数: 1
2024-09-23 10:32:00,424	[INFO]	(client.py:242)bot_connect	[botpy] 会话启动中...
2024-09-23 10:32:00,424	[INFO]	(gateway.py:115)ws_connect	[botpy] 启动中...
2024-09-23 10:32:00,608	[INFO]	(gateway.py:142)ws_identify	[botpy] 鉴权中...
2024-09-23 10:32:00,721	[INFO]	(gateway.py:85)on_message	[botpy] 机器人「HappleCraftBot-测试中」启动成功！
2024-09-23 10:32:00,722	[INFO]	(gateway.py:223)_send_heart	[botpy] 心跳维持启动...
2024-09-23 11:02:00,685	[INFO]	(gateway.py:56)on_closed	[botpy] 关闭, 返回码: 4009, 返回信息: Session timed out
2024-09-23 11:02:00,685	[INFO]	(gateway.py:134)ws_connect	[botpy] ws关闭, 停止接收消息!
2024-09-23 11:02:05,688	[INFO]	(connection.py:60)multi_run	[botpy] 最大并发连接数: 1, 启动会话数: 1
2024-09-23 11:02:05,688	[INFO]	(client.py:242)bot_connect	[botpy] 会话启动中...
2024-09-23 11:02:05,691	[INFO]	(gateway.py:115)ws_connect	[botpy] 启动中...
2024-09-23 11:02:05,948	[INFO]	(gateway.py:175)ws_resume	[botpy] 重连启动...
2024-09-23 11:02:06,036	[INFO]	(gateway.py:90)on_message	[botpy] 机器人重连成功! 
2024-09-23 11:02:06,036	[INFO]	(gateway.py:223)_send_heart	[botpy] 心跳维持启动...
2024-09-23 11:06:53,564	[INFO]	(client.py:162)_bot_login	[botpy] 登录机器人账号中...
2024-09-23 11:06:53,924	[INFO]	(robot.py:65)update_access_token	[botpy] access_token expires_in 4132
2024-09-23 11:06:54,510	[INFO]	(client.py:181)_bot_init	[botpy] 程序启动...
2024-09-23 11:06:54,511	[INFO]	(connection.py:60)multi_run	[botpy] 最大并发连接数: 1, 启动会话数: 1
2024-09-23 11:06:54,511	[INFO]	(client.py:242)bot_connect	[botpy] 会话启动中...
2024-09-23 11:06:54,511	[INFO]	(gateway.py:115)ws_connect	[botpy] 启动中...
2024-09-23 11:06:54,694	[INFO]	(gateway.py:142)ws_identify	[botpy] 鉴权中...
2024-09-23 11:06:54,809	[INFO]	(gateway.py:85)on_message	[botpy] 机器人「HappleCraftBot-测试中」启动成功！
2024-09-23 11:06:54,809	[INFO]	(gateway.py:223)_send_heart	[botpy] 心跳维持启动...
2024-09-23 11:06:54,809	[INFO]	(bot.py:21)on_ready	HappleCraftBot-测试中 已经准备好了
2024-09-23 11:15:53,981	[INFO]	(client.py:162)_bot_login	[botpy] 登录机器人账号中...
2024-09-23 11:15:54,196	[INFO]	(robot.py:65)update_access_token	[botpy] access_token expires_in 3592
2024-09-23 11:15:54,906	[INFO]	(client.py:181)_bot_init	[botpy] 程序启动...
2024-09-23 11:15:54,906	[INFO]	(connection.py:60)multi_run	[botpy] 最大并发连接数: 1, 启动会话数: 1
2024-09-23 11:15:54,906	[INFO]	(client.py:242)bot_connect	[botpy] 会话启动中...
2024-09-23 11:15:54,906	[INFO]	(gateway.py:115)ws_connect	[botpy] 启动中...
2024-09-23 11:15:55,095	[INFO]	(gateway.py:142)ws_identify	[botpy] 鉴权中...
2024-09-23 11:15:55,208	[INFO]	(gateway.py:85)on_message	[botpy] 机器人「HappleCraftBot-测试中」启动成功！
2024-09-23 11:15:55,208	[INFO]	(gateway.py:223)_send_heart	[botpy] 心跳维持启动...
2024-09-23 11:15:55,208	[INFO]	(bot.py:21)on_ready	HappleCraftBot-测试中 已经准备好了
2024-09-23 14:18:46,680	[INFO]	(client.py:162)_bot_login	[botpy] 登录机器人账号中...
2024-09-23 14:18:46,907	[INFO]	(robot.py:65)update_access_token	[botpy] access_token expires_in 307
2024-09-23 14:18:47,552	[INFO]	(client.py:181)_bot_init	[botpy] 程序启动...
2024-09-23 14:18:47,553	[INFO]	(connection.py:60)multi_run	[botpy] 最大并发连接数: 1, 启动会话数: 1
2024-09-23 14:18:47,553	[INFO]	(client.py:242)bot_connect	[botpy] 会话启动中...
2024-09-23 14:18:47,554	[INFO]	(gateway.py:115)ws_connect	[botpy] 启动中...
2024-09-23 14:18:47,730	[INFO]	(gateway.py:142)ws_identify	[botpy] 鉴权中...
2024-09-23 14:18:47,838	[INFO]	(gateway.py:85)on_message	[botpy] 机器人「HappleCraftBot-测试中」启动成功！
2024-09-23 14:18:47,838	[INFO]	(gateway.py:223)_send_heart	[botpy] 心跳维持启动...
2024-09-23 14:18:47,838	[INFO]	(bot.py:21)on_ready	HappleCraftBot-测试中 已经准备好了
2024-09-23 14:32:08,887	[INFO]	(client.py:162)_bot_login	[botpy] 登录机器人账号中...
2024-09-23 14:32:09,140	[INFO]	(robot.py:65)update_access_token	[botpy] access_token expires_in 7200
2024-09-23 14:32:09,706	[INFO]	(client.py:181)_bot_init	[botpy] 程序启动...
2024-09-23 14:32:09,707	[INFO]	(connection.py:60)multi_run	[botpy] 最大并发连接数: 1, 启动会话数: 1
2024-09-23 14:32:09,707	[INFO]	(client.py:242)bot_connect	[botpy] 会话启动中...
2024-09-23 14:32:09,707	[INFO]	(gateway.py:115)ws_connect	[botpy] 启动中...
2024-09-23 14:32:09,886	[INFO]	(gateway.py:142)ws_identify	[botpy] 鉴权中...
2024-09-23 14:32:09,992	[INFO]	(gateway.py:85)on_message	[botpy] 机器人「HappleCraftBot-测试中」启动成功！
2024-09-23 14:32:09,992	[INFO]	(gateway.py:223)_send_heart	[botpy] 心跳维持启动...
2024-09-23 14:32:09,993	[INFO]	(bot.py:23)on_ready	HappleCraftBot-测试中 已经准备好了
2024-09-23 14:32:34,151	[INFO]	(bot.py:31)on_message_create	https://qqchannel-profile-1251316161.file.myqcloud.com/1669946876a89278b228cb696b?t=1669946876
2024-09-23 14:32:44,224	[INFO]	(bot.py:31)on_message_create	https://qqchannel-profile-1251316161.file.myqcloud.com/1669946876a89278b228cb696b?t=1669946876
2024-09-23 14:32:56,814	[INFO]	(bot.py:31)on_message_create	https://qqchannel-profile-1251316161.file.myqcloud.com/1669946876a89278b228cb696b?t=1669946876
2024-09-23 14:33:00,868	[INFO]	(bot.py:31)on_message_create	https://qqchannel-profile-1251316161.file.myqcloud.com/1669946876a89278b228cb696b?t=1669946876
2024-09-23 14:33:07,439	[INFO]	(bot.py:31)on_message_create	https://qqchannel-profile-1251316161.file.myqcloud.com/1669946876a89278b228cb696b?t=1669946876
2024-09-23 14:36:26,171	[INFO]	(bot.py:31)on_message_create	https://qqchannel-profile-1251316161.file.myqcloud.com/1669946876a89278b228cb696b?t=1669946876
2024-09-23 14:36:32,189	[INFO]	(client.py:162)_bot_login	[botpy] 登录机器人账号中...
2024-09-23 14:36:32,378	[INFO]	(robot.py:65)update_access_token	[botpy] access_token expires_in 6937
2024-09-23 14:36:32,917	[INFO]	(client.py:181)_bot_init	[botpy] 程序启动...
2024-09-23 14:36:32,917	[INFO]	(connection.py:60)multi_run	[botpy] 最大并发连接数: 1, 启动会话数: 1
2024-09-23 14:36:32,918	[INFO]	(client.py:242)bot_connect	[botpy] 会话启动中...
2024-09-23 14:36:32,918	[INFO]	(gateway.py:115)ws_connect	[botpy] 启动中...
2024-09-23 14:36:33,082	[INFO]	(gateway.py:142)ws_identify	[botpy] 鉴权中...
2024-09-23 14:36:33,188	[INFO]	(gateway.py:85)on_message	[botpy] 机器人「HappleCraftBot-测试中」启动成功！
2024-09-23 14:36:33,189	[INFO]	(gateway.py:223)_send_heart	[botpy] 心跳维持启动...
2024-09-23 14:36:33,189	[INFO]	(bot.py:23)on_ready	HappleCraftBot-测试中 已经准备好了
2024-09-23 14:36:40,752	[INFO]	(bot.py:31)on_message_create	https://qqchannel-profile-1251316161.file.myqcloud.com/1669946876a89278b228cb696b?t=1669946876
2024-09-23 14:44:50,046	[INFO]	(client.py:162)_bot_login	[botpy] 登录机器人账号中...
2024-09-23 14:44:50,274	[INFO]	(robot.py:65)update_access_token	[botpy] access_token expires_in 6439
2024-09-23 14:44:50,907	[INFO]	(client.py:181)_bot_init	[botpy] 程序启动...
2024-09-23 14:44:50,907	[INFO]	(connection.py:60)multi_run	[botpy] 最大并发连接数: 1, 启动会话数: 1
2024-09-23 14:44:50,908	[INFO]	(client.py:242)bot_connect	[botpy] 会话启动中...
2024-09-23 14:44:50,908	[INFO]	(gateway.py:115)ws_connect	[botpy] 启动中...
2024-09-23 14:44:51,078	[INFO]	(gateway.py:142)ws_identify	[botpy] 鉴权中...
2024-09-23 14:44:51,194	[INFO]	(gateway.py:85)on_message	[botpy] 机器人「HappleCraftBot-测试中」启动成功！
2024-09-23 14:44:51,194	[INFO]	(gateway.py:223)_send_heart	[botpy] 心跳维持启动...
2024-09-23 14:44:51,195	[INFO]	(bot.py:23)on_ready	HappleCraftBot-测试中 已经准备好了
2024-09-23 14:52:02,090	[INFO]	(client.py:162)_bot_login	[botpy] 登录机器人账号中...
2024-09-23 14:52:02,325	[INFO]	(robot.py:65)update_access_token	[botpy] access_token expires_in 6007
2024-09-23 14:52:02,937	[INFO]	(client.py:181)_bot_init	[botpy] 程序启动...
2024-09-23 14:52:02,937	[INFO]	(connection.py:60)multi_run	[botpy] 最大并发连接数: 1, 启动会话数: 1
2024-09-23 14:52:02,940	[INFO]	(client.py:242)bot_connect	[botpy] 会话启动中...
2024-09-23 14:52:02,940	[INFO]	(gateway.py:115)ws_connect	[botpy] 启动中...
2024-09-23 14:52:03,109	[INFO]	(gateway.py:142)ws_identify	[botpy] 鉴权中...
2024-09-23 14:52:03,217	[INFO]	(gateway.py:85)on_message	[botpy] 机器人「HappleCraftBot-测试中」启动成功！
2024-09-23 14:52:03,217	[INFO]	(gateway.py:223)_send_heart	[botpy] 心跳维持启动...
2024-09-23 14:52:03,217	[INFO]	(bot.py:23)on_ready	HappleCraftBot-测试中 已经准备好了
2024-09-23 14:53:02,634	[INFO]	(client.py:162)_bot_login	[botpy] 登录机器人账号中...
2024-09-23 14:53:02,826	[INFO]	(robot.py:65)update_access_token	[botpy] access_token expires_in 5946
2024-09-23 14:53:03,354	[INFO]	(client.py:181)_bot_init	[botpy] 程序启动...
2024-09-23 14:53:03,355	[INFO]	(connection.py:60)multi_run	[botpy] 最大并发连接数: 1, 启动会话数: 1
2024-09-23 14:53:03,355	[INFO]	(client.py:242)bot_connect	[botpy] 会话启动中...
2024-09-23 14:53:03,355	[INFO]	(gateway.py:115)ws_connect	[botpy] 启动中...
2024-09-23 14:53:03,570	[INFO]	(gateway.py:142)ws_identify	[botpy] 鉴权中...
2024-09-23 14:53:03,662	[INFO]	(gateway.py:85)on_message	[botpy] 机器人「HappleCraftBot-测试中」启动成功！
2024-09-23 14:53:03,663	[INFO]	(gateway.py:223)_send_heart	[botpy] 心跳维持启动...
2024-09-23 14:53:03,663	[INFO]	(bot.py:23)on_ready	HappleCraftBot-测试中 已经准备好了
2024-09-23 14:53:30,883	[INFO]	(bot.py:38)on_group_at_message_create	{'id': 'ROBOT1.0_pQpy9D5bLsC8K66v3hKOC4msyqE3G3rMwttla5qMr8m-JYPcHQHDIXjUhc6eooNL0HqwyktbNGhpSI9oZY7Kjw!!', 'timestamp': '2024-09-23T22:53:30+08:00'}
2024-09-23 14:53:58,276	[INFO]	(bot.py:38)on_group_at_message_create	{'id': 'ROBOT1.0_pQpy9D5bLsC8K66v3hKOC3RNnsoVXKL4ENYCG9Z-F-ua.qMe2WsCvvYVdHFEJSremwzZmE-7bUK.nm8sVs7nxA!!', 'timestamp': '2024-09-23T22:53:58+08:00'}
2024-09-23 15:09:29,481	[INFO]	(client.py:162)_bot_login	[botpy] 登录机器人账号中...
2024-09-23 15:09:29,722	[INFO]	(robot.py:65)update_access_token	[botpy] access_token expires_in 4959
2024-09-23 15:09:30,324	[INFO]	(client.py:181)_bot_init	[botpy] 程序启动...
2024-09-23 15:09:30,324	[INFO]	(connection.py:60)multi_run	[botpy] 最大并发连接数: 1, 启动会话数: 1
2024-09-23 15:09:30,324	[INFO]	(client.py:242)bot_connect	[botpy] 会话启动中...
2024-09-23 15:09:30,324	[INFO]	(gateway.py:115)ws_connect	[botpy] 启动中...
2024-09-23 15:09:30,485	[INFO]	(gateway.py:142)ws_identify	[botpy] 鉴权中...
2024-09-23 15:09:30,609	[INFO]	(gateway.py:85)on_message	[botpy] 机器人「HappleCraftBot-测试中」启动成功！
2024-09-23 15:09:30,609	[INFO]	(gateway.py:223)_send_heart	[botpy] 心跳维持启动...
2024-09-23 15:09:30,609	[INFO]	(bot.py:21)on_ready	HappleCraftBot-测试中 已经准备好了
2024-09-23 15:09:38,783	[INFO]	(bot.py:52)on_group_at_message_create	{'id': 'ROBOT1.0_pQpy9D5bLsC8K66v3hKOCzyef6c76pVTCE7wcMCTxkU8KoKDhLKvwd5sXKh.d.qCCakmWz0bHoWhqNuwqFONLg!!', 'timestamp': '2024-09-23T23:09:38+08:00'}
2024-09-23 15:13:49,411	[INFO]	(client.py:162)_bot_login	[botpy] 登录机器人账号中...
2024-09-23 15:13:49,603	[INFO]	(robot.py:65)update_access_token	[botpy] access_token expires_in 4700
2024-09-23 15:13:50,175	[INFO]	(client.py:181)_bot_init	[botpy] 程序启动...
2024-09-23 15:13:50,175	[INFO]	(connection.py:60)multi_run	[botpy] 最大并发连接数: 1, 启动会话数: 1
2024-09-23 15:13:50,175	[INFO]	(client.py:242)bot_connect	[botpy] 会话启动中...
2024-09-23 15:13:50,175	[INFO]	(gateway.py:115)ws_connect	[botpy] 启动中...
2024-09-23 15:13:50,363	[INFO]	(gateway.py:142)ws_identify	[botpy] 鉴权中...
2024-09-23 15:13:50,469	[INFO]	(gateway.py:85)on_message	[botpy] 机器人「HappleCraftBot-测试中」启动成功！
2024-09-23 15:13:50,469	[INFO]	(gateway.py:223)_send_heart	[botpy] 心跳维持启动...
2024-09-23 15:13:50,470	[INFO]	(bot.py:24)on_ready	HappleCraftBot-测试中 已经准备好了
2024-09-23 15:14:00,348	[INFO]	(bot.py:58)on_group_at_message_create	{'id': 'ROBOT1.0_pQpy9D5bLsC8K66v3hKOC35X4hWlHZw1-OmJ4t0vt4rqI4VEmB0ZxKxObK0do2QzL49PbjCmYFpFMzSW6eC5BA!!', 'timestamp': '2024-09-23T23:14:00+08:00'}
2024-09-23 15:14:18,306	[INFO]	(client.py:162)_bot_login	[botpy] 登录机器人账号中...
2024-09-23 15:14:18,483	[INFO]	(robot.py:65)update_access_token	[botpy] access_token expires_in 4671
2024-09-23 15:14:19,026	[INFO]	(client.py:181)_bot_init	[botpy] 程序启动...
2024-09-23 15:14:19,027	[INFO]	(connection.py:60)multi_run	[botpy] 最大并发连接数: 1, 启动会话数: 1
2024-09-23 15:14:19,027	[INFO]	(client.py:242)bot_connect	[botpy] 会话启动中...
2024-09-23 15:14:19,027	[INFO]	(gateway.py:115)ws_connect	[botpy] 启动中...
2024-09-23 15:14:19,188	[INFO]	(gateway.py:142)ws_identify	[botpy] 鉴权中...
2024-09-23 15:14:19,282	[INFO]	(gateway.py:85)on_message	[botpy] 机器人「HappleCraftBot-测试中」启动成功！
2024-09-23 15:14:19,283	[INFO]	(gateway.py:223)_send_heart	[botpy] 心跳维持启动...
2024-09-23 15:14:19,283	[INFO]	(bot.py:24)on_ready	HappleCraftBot-测试中 已经准备好了
2024-09-23 15:14:27,008	[INFO]	(bot.py:58)on_group_at_message_create	{'id': 'ROBOT1.0_pQpy9D5bLsC8K66v3hKOC6TsdvZ1ipeLRCWzAqLAyoZdaKDNEzNFrP.NI5K-hq3UJGePR0sYiyKNersHRdQ84g!!', 'timestamp': '2024-09-23T23:14:26+08:00'}
2024-09-23 15:17:21,996	[INFO]	(client.py:162)_bot_login	[botpy] 登录机器人账号中...
2024-09-23 15:17:22,234	[INFO]	(robot.py:65)update_access_token	[botpy] access_token expires_in 4487
2024-09-23 15:17:22,831	[INFO]	(client.py:181)_bot_init	[botpy] 程序启动...
2024-09-23 15:17:22,831	[INFO]	(connection.py:60)multi_run	[botpy] 最大并发连接数: 1, 启动会话数: 1
2024-09-23 15:17:22,831	[INFO]	(client.py:242)bot_connect	[botpy] 会话启动中...
2024-09-23 15:17:22,831	[INFO]	(gateway.py:115)ws_connect	[botpy] 启动中...
2024-09-23 15:17:22,993	[INFO]	(gateway.py:142)ws_identify	[botpy] 鉴权中...
2024-09-23 15:17:23,106	[INFO]	(gateway.py:85)on_message	[botpy] 机器人「HappleCraftBot-测试中」启动成功！
2024-09-23 15:17:23,106	[INFO]	(gateway.py:223)_send_heart	[botpy] 心跳维持启动...
2024-09-23 15:17:23,107	[INFO]	(bot.py:24)on_ready	HappleCraftBot-测试中 已经准备好了
2024-09-23 15:17:30,955	[INFO]	(bot.py:59)on_group_at_message_create	{'id': 'ROBOT1.0_pQpy9D5bLsC8K66v3hKOCz0bg-iWDgu1CetlYKzGmvQOUugQJncSf.cvdVKT6tNPuJ2M05JrfZTrJrlAT8A2Mg!!', 'timestamp': '2024-09-23T23:17:30+08:00'}
2024-09-23 15:18:21,657	[INFO]	(client.py:162)_bot_login	[botpy] 登录机器人账号中...
2024-09-23 15:18:21,848	[INFO]	(robot.py:65)update_access_token	[botpy] access_token expires_in 4427
2024-09-23 15:18:22,404	[INFO]	(client.py:181)_bot_init	[botpy] 程序启动...
2024-09-23 15:18:22,404	[INFO]	(connection.py:60)multi_run	[botpy] 最大并发连接数: 1, 启动会话数: 1
2024-09-23 15:18:22,404	[INFO]	(client.py:242)bot_connect	[botpy] 会话启动中...
2024-09-23 15:18:22,404	[INFO]	(gateway.py:115)ws_connect	[botpy] 启动中...
2024-09-23 15:18:22,637	[INFO]	(gateway.py:142)ws_identify	[botpy] 鉴权中...
2024-09-23 15:18:22,731	[INFO]	(gateway.py:85)on_message	[botpy] 机器人「HappleCraftBot-测试中」启动成功！
2024-09-23 15:18:22,731	[INFO]	(gateway.py:223)_send_heart	[botpy] 心跳维持启动...
2024-09-23 15:18:22,732	[INFO]	(bot.py:24)on_ready	HappleCraftBot-测试中 已经准备好了
2024-09-23 15:22:19,289	[INFO]	(client.py:162)_bot_login	[botpy] 登录机器人账号中...
2024-09-23 15:22:19,493	[INFO]	(robot.py:65)update_access_token	[botpy] access_token expires_in 4190
2024-09-23 15:22:20,060	[INFO]	(client.py:181)_bot_init	[botpy] 程序启动...
2024-09-23 15:22:20,061	[INFO]	(connection.py:60)multi_run	[botpy] 最大并发连接数: 1, 启动会话数: 1
2024-09-23 15:22:20,061	[INFO]	(client.py:242)bot_connect	[botpy] 会话启动中...
2024-09-23 15:22:20,061	[INFO]	(gateway.py:115)ws_connect	[botpy] 启动中...
2024-09-23 15:22:20,238	[INFO]	(gateway.py:142)ws_identify	[botpy] 鉴权中...
2024-09-23 15:22:20,337	[INFO]	(gateway.py:85)on_message	[botpy] 机器人「HappleCraftBot-测试中」启动成功！
2024-09-23 15:22:20,338	[INFO]	(gateway.py:223)_send_heart	[botpy] 心跳维持启动...
2024-09-23 15:22:20,338	[INFO]	(bot.py:24)on_ready	HappleCraftBot-测试中 已经准备好了
2024-09-23 15:26:49,923	[INFO]	(client.py:162)_bot_login	[botpy] 登录机器人账号中...
2024-09-23 15:26:50,193	[INFO]	(robot.py:65)update_access_token	[botpy] access_token expires_in 3919
2024-09-23 15:26:50,789	[INFO]	(client.py:181)_bot_init	[botpy] 程序启动...
2024-09-23 15:26:50,789	[INFO]	(connection.py:60)multi_run	[botpy] 最大并发连接数: 1, 启动会话数: 1
2024-09-23 15:26:50,789	[INFO]	(client.py:242)bot_connect	[botpy] 会话启动中...
2024-09-23 15:26:50,789	[INFO]	(gateway.py:115)ws_connect	[botpy] 启动中...
2024-09-23 15:26:50,953	[INFO]	(gateway.py:142)ws_identify	[botpy] 鉴权中...
2024-09-23 15:26:51,034	[INFO]	(gateway.py:85)on_message	[botpy] 机器人「HappleCraftBot-测试中」启动成功！
2024-09-23 15:26:51,034	[INFO]	(gateway.py:223)_send_heart	[botpy] 心跳维持启动...
2024-09-23 15:26:51,035	[INFO]	(bot.py:24)on_ready	HappleCraftBot-测试中 已经准备好了
2024-09-23 15:27:45,222	[INFO]	(client.py:162)_bot_login	[botpy] 登录机器人账号中...
2024-09-23 15:27:45,365	[INFO]	(robot.py:65)update_access_token	[botpy] access_token expires_in 3864
2024-09-23 15:27:45,892	[INFO]	(client.py:181)_bot_init	[botpy] 程序启动...
2024-09-23 15:27:45,892	[INFO]	(connection.py:60)multi_run	[botpy] 最大并发连接数: 1, 启动会话数: 1
2024-09-23 15:27:45,892	[INFO]	(client.py:242)bot_connect	[botpy] 会话启动中...
2024-09-23 15:27:45,892	[INFO]	(gateway.py:115)ws_connect	[botpy] 启动中...
2024-09-23 15:27:46,061	[INFO]	(gateway.py:142)ws_identify	[botpy] 鉴权中...
2024-09-23 15:27:46,165	[INFO]	(gateway.py:85)on_message	[botpy] 机器人「HappleCraftBot-测试中」启动成功！
2024-09-23 15:27:46,165	[INFO]	(gateway.py:223)_send_heart	[botpy] 心跳维持启动...
2024-09-23 15:27:46,165	[INFO]	(bot.py:24)on_ready	HappleCraftBot-测试中 已经准备好了
2024-09-23 15:30:35,363	[INFO]	(client.py:162)_bot_login	[botpy] 登录机器人账号中...
2024-09-23 15:30:35,554	[INFO]	(robot.py:65)update_access_token	[botpy] access_token expires_in 3694
2024-09-23 15:30:36,083	[INFO]	(client.py:181)_bot_init	[botpy] 程序启动...
2024-09-23 15:30:36,084	[INFO]	(connection.py:60)multi_run	[botpy] 最大并发连接数: 1, 启动会话数: 1
2024-09-23 15:30:36,084	[INFO]	(client.py:242)bot_connect	[botpy] 会话启动中...
2024-09-23 15:30:36,084	[INFO]	(gateway.py:115)ws_connect	[botpy] 启动中...
2024-09-23 15:30:36,269	[INFO]	(gateway.py:142)ws_identify	[botpy] 鉴权中...
2024-09-23 15:30:36,367	[INFO]	(gateway.py:85)on_message	[botpy] 机器人「HappleCraftBot-测试中」启动成功！
2024-09-23 15:30:36,367	[INFO]	(gateway.py:223)_send_heart	[botpy] 心跳维持启动...
2024-09-23 15:30:36,368	[INFO]	(bot.py:28)on_ready	HappleCraftBot-测试中 已经准备好了
